2020-10-20 15:14:25.469  INFO 20824 --- [main] glod.study.blog.dao.ArticleDaoTest       : Starting ArticleDaoTest on HP-LAPTOP with PID 20824 (started by 13536 in D:\Code\blog)
2020-10-20 15:14:25.492  INFO 20824 --- [main] glod.study.blog.dao.ArticleDaoTest       : No active profile set, falling back to default profiles: default
2020-10-20 15:14:29.546  INFO 20824 --- [main] o.s.s.web.DefaultSecurityFilterChain     : Creating filter chain: any request, [org.springframework.security.web.context.request.async.WebAsyncManagerIntegrationFilter@5ebbde60, org.springframework.security.web.context.SecurityContextPersistenceFilter@159ac15f, org.springframework.security.web.header.HeaderWriterFilter@267891bf, org.springframework.security.web.authentication.logout.LogoutFilter@63f9ddf9, org.springframework.security.web.authentication.UsernamePasswordAuthenticationFilter@4f5c30b1, org.springframework.security.web.session.ConcurrentSessionFilter@4662752a, org.springframework.security.web.savedrequest.RequestCacheAwareFilter@27ffd9f8, org.springframework.security.web.servletapi.SecurityContextHolderAwareRequestFilter@10a907ec, org.springframework.security.web.authentication.AnonymousAuthenticationFilter@a056b26, org.springframework.security.web.session.SessionManagementFilter@1a2773a8, org.springframework.security.web.access.ExceptionTranslationFilter@440ef8d]
2020-10-20 15:14:30.015  INFO 20824 --- [main] o.s.s.concurrent.ThreadPoolTaskExecutor  : Initializing ExecutorService 'applicationTaskExecutor'
2020-10-20 15:14:30.740  INFO 20824 --- [main] o.s.a.r.c.CachingConnectionFactory       : Attempting to connect to: [192.168.154.128:5672]
2020-10-20 15:14:51.791  INFO 20824 --- [main] o.s.a.r.l.SimpleMessageListenerContainer : Broker not available; cannot force queue declarations during start: java.net.ConnectException: Connection timed out: connect
2020-10-20 15:14:51.798  INFO 20824 --- [org.springframework.amqp.rabbit.RabbitListenerEndpointContainer#0-1] o.s.a.r.c.CachingConnectionFactory       : Attempting to connect to: [192.168.154.128:5672]
2020-10-20 15:15:13.580  INFO 19196 --- [main] glod.study.blog.dao.ArticleDaoTest       : Starting ArticleDaoTest on HP-LAPTOP with PID 19196 (started by 13536 in D:\Code\blog)
2020-10-20 15:15:13.582  INFO 19196 --- [main] glod.study.blog.dao.ArticleDaoTest       : No active profile set, falling back to default profiles: default
2020-10-20 15:15:16.755  INFO 19196 --- [main] o.s.s.web.DefaultSecurityFilterChain     : Creating filter chain: any request, [org.springframework.security.web.context.request.async.WebAsyncManagerIntegrationFilter@7bf018dd, org.springframework.security.web.context.SecurityContextPersistenceFilter@4e48462d, org.springframework.security.web.header.HeaderWriterFilter@4f213a2, org.springframework.security.web.authentication.logout.LogoutFilter@29bd85db, org.springframework.security.web.authentication.UsernamePasswordAuthenticationFilter@7ddeb27f, org.springframework.security.web.session.ConcurrentSessionFilter@21d9cd04, org.springframework.security.web.savedrequest.RequestCacheAwareFilter@59b492ec, org.springframework.security.web.servletapi.SecurityContextHolderAwareRequestFilter@37b01ce2, org.springframework.security.web.authentication.AnonymousAuthenticationFilter@15a8cebd, org.springframework.security.web.session.SessionManagementFilter@15369d73, org.springframework.security.web.access.ExceptionTranslationFilter@3b170235]
2020-10-20 15:15:17.165  INFO 19196 --- [main] o.s.s.concurrent.ThreadPoolTaskExecutor  : Initializing ExecutorService 'applicationTaskExecutor'
2020-10-20 15:15:17.862  INFO 19196 --- [main] o.s.a.r.c.CachingConnectionFactory       : Attempting to connect to: [192.168.154.128:5672]
2020-10-20 15:15:38.921  INFO 19196 --- [main] o.s.a.r.l.SimpleMessageListenerContainer : Broker not available; cannot force queue declarations during start: java.net.ConnectException: Connection timed out: connect
2020-10-20 15:15:38.928  INFO 19196 --- [org.springframework.amqp.rabbit.RabbitListenerEndpointContainer#0-1] o.s.a.r.c.CachingConnectionFactory       : Attempting to connect to: [192.168.154.128:5672]
2020-10-20 15:15:59.986 ERROR 19196 --- [org.springframework.amqp.rabbit.RabbitListenerEndpointContainer#0-1] o.s.a.r.l.SimpleMessageListenerContainer : Failed to check/redeclare auto-delete queue(s).

org.springframework.amqp.AmqpConnectException: java.net.ConnectException: Connection timed out: connect
	at org.springframework.amqp.rabbit.support.RabbitExceptionTranslator.convertRabbitAccessException(RabbitExceptionTranslator.java:61) ~[spring-rabbit-2.2.11.RELEASE.jar:2.2.11.RELEASE]
	at org.springframework.amqp.rabbit.connection.AbstractConnectionFactory.createBareConnection(AbstractConnectionFactory.java:524) ~[spring-rabbit-2.2.11.RELEASE.jar:2.2.11.RELEASE]
	at org.springframework.amqp.rabbit.connection.CachingConnectionFactory.createConnection(CachingConnectionFactory.java:751) ~[spring-rabbit-2.2.11.RELEASE.jar:2.2.11.RELEASE]
	at org.springframework.amqp.rabbit.connection.ConnectionFactoryUtils.createConnection(ConnectionFactoryUtils.java:214) ~[spring-rabbit-2.2.11.RELEASE.jar:2.2.11.RELEASE]
	at org.springframework.amqp.rabbit.core.RabbitTemplate.doExecute(RabbitTemplate.java:2089) ~[spring-rabbit-2.2.11.RELEASE.jar:2.2.11.RELEASE]
	at org.springframework.amqp.rabbit.core.RabbitTemplate.execute(RabbitTemplate.java:2062) ~[spring-rabbit-2.2.11.RELEASE.jar:2.2.11.RELEASE]
	at org.springframework.amqp.rabbit.core.RabbitTemplate.execute(RabbitTemplate.java:2042) ~[spring-rabbit-2.2.11.RELEASE.jar:2.2.11.RELEASE]
	at org.springframework.amqp.rabbit.core.RabbitAdmin.getQueueInfo(RabbitAdmin.java:407) ~[spring-rabbit-2.2.11.RELEASE.jar:2.2.11.RELEASE]
	at org.springframework.amqp.rabbit.core.RabbitAdmin.getQueueProperties(RabbitAdmin.java:391) ~[spring-rabbit-2.2.11.RELEASE.jar:2.2.11.RELEASE]
	at org.springframework.amqp.rabbit.listener.AbstractMessageListenerContainer.attemptDeclarations(AbstractMessageListenerContainer.java:1842) ~[spring-rabbit-2.2.11.RELEASE.jar:2.2.11.RELEASE]
	at org.springframework.amqp.rabbit.listener.AbstractMessageListenerContainer.redeclareElementsIfNecessary(AbstractMessageListenerContainer.java:1823) ~[spring-rabbit-2.2.11.RELEASE.jar:2.2.11.RELEASE]
	at org.springframework.amqp.rabbit.listener.SimpleMessageListenerContainer$AsyncMessageProcessingConsumer.initialize(SimpleMessageListenerContainer.java:1354) ~[spring-rabbit-2.2.11.RELEASE.jar:2.2.11.RELEASE]
	at org.springframework.amqp.rabbit.listener.SimpleMessageListenerContainer$AsyncMessageProcessingConsumer.run(SimpleMessageListenerContainer.java:1200) ~[spring-rabbit-2.2.11.RELEASE.jar:2.2.11.RELEASE]
	at java.base/java.lang.Thread.run(Thread.java:834) ~[na:na]
Caused by: java.net.ConnectException: Connection timed out: connect
	at java.base/java.net.PlainSocketImpl.waitForConnect(Native Method) ~[na:na]
	at java.base/java.net.PlainSocketImpl.socketConnect(PlainSocketImpl.java:107) ~[na:na]
	at java.base/java.net.AbstractPlainSocketImpl.doConnect(AbstractPlainSocketImpl.java:399) ~[na:na]
	at java.base/java.net.AbstractPlainSocketImpl.connectToAddress(AbstractPlainSocketImpl.java:242) ~[na:na]
	at java.base/java.net.AbstractPlainSocketImpl.connect(AbstractPlainSocketImpl.java:224) ~[na:na]
	at java.base/java.net.SocksSocketImpl.connect(SocksSocketImpl.java:403) ~[na:na]
	at java.base/java.net.Socket.connect(Socket.java:609) ~[na:na]
	at com.rabbitmq.client.impl.SocketFrameHandlerFactory.create(SocketFrameHandlerFactory.java:60) ~[amqp-client-5.9.0.jar:5.9.0]
	at com.rabbitmq.client.ConnectionFactory.newConnection(ConnectionFactory.java:1137) ~[amqp-client-5.9.0.jar:5.9.0]
	at com.rabbitmq.client.ConnectionFactory.newConnection(ConnectionFactory.java:1087) ~[amqp-client-5.9.0.jar:5.9.0]
	at org.springframework.amqp.rabbit.connection.AbstractConnectionFactory.connectAddresses(AbstractConnectionFactory.java:560) ~[spring-rabbit-2.2.11.RELEASE.jar:2.2.11.RELEASE]
	at org.springframework.amqp.rabbit.connection.AbstractConnectionFactory.connect(AbstractConnectionFactory.java:533) ~[spring-rabbit-2.2.11.RELEASE.jar:2.2.11.RELEASE]
	at org.springframework.amqp.rabbit.connection.AbstractConnectionFactory.createBareConnection(AbstractConnectionFactory.java:487) ~[spring-rabbit-2.2.11.RELEASE.jar:2.2.11.RELEASE]
	... 12 common frames omitted

2020-10-20 15:15:59.992  INFO 19196 --- [org.springframework.amqp.rabbit.RabbitListenerEndpointContainer#0-1] o.s.a.r.c.CachingConnectionFactory       : Attempting to connect to: [192.168.154.128:5672]
2020-10-20 15:16:21.042  INFO 19196 --- [main] glod.study.blog.dao.ArticleDaoTest       : Started ArticleDaoTest in 67.964 seconds (JVM running for 69.597)
2020-10-20 15:16:22.296  INFO 19196 --- [main] com.alibaba.druid.pool.DruidDataSource   : {dataSource-1} inited
2020-10-20 15:16:22.498  INFO 19196 --- [SpringContextShutdownHook] o.s.a.r.l.SimpleMessageListenerContainer : Waiting for workers to finish.
2020-10-20 15:16:22.498  INFO 19196 --- [SpringContextShutdownHook] o.s.a.r.l.SimpleMessageListenerContainer : Successfully waited for workers to finish.
2020-10-20 15:16:22.502  INFO 19196 --- [SpringContextShutdownHook] o.s.s.concurrent.ThreadPoolTaskExecutor  : Shutting down ExecutorService 'applicationTaskExecutor'
2020-10-20 15:16:22.503  INFO 19196 --- [SpringContextShutdownHook] o.s.a.r.l.SimpleMessageListenerContainer : Shutdown ignored - container is not active already
2020-10-20 15:16:22.516  INFO 19196 --- [SpringContextShutdownHook] com.alibaba.druid.pool.DruidDataSource   : {dataSource-1} closed
2020-10-20 15:18:52.503  INFO 23220 --- [main] glod.study.blog.dao.ArticleDaoTest       : Starting ArticleDaoTest on HP-LAPTOP with PID 23220 (started by 13536 in D:\Code\blog)
2020-10-20 15:18:52.505  INFO 23220 --- [main] glod.study.blog.dao.ArticleDaoTest       : No active profile set, falling back to default profiles: default
2020-10-20 15:18:55.526  INFO 23220 --- [main] o.s.s.web.DefaultSecurityFilterChain     : Creating filter chain: any request, [org.springframework.security.web.context.request.async.WebAsyncManagerIntegrationFilter@5ebbde60, org.springframework.security.web.context.SecurityContextPersistenceFilter@159ac15f, org.springframework.security.web.header.HeaderWriterFilter@267891bf, org.springframework.security.web.authentication.logout.LogoutFilter@63f9ddf9, org.springframework.security.web.authentication.UsernamePasswordAuthenticationFilter@4f5c30b1, org.springframework.security.web.session.ConcurrentSessionFilter@4662752a, org.springframework.security.web.savedrequest.RequestCacheAwareFilter@27ffd9f8, org.springframework.security.web.servletapi.SecurityContextHolderAwareRequestFilter@10a907ec, org.springframework.security.web.authentication.AnonymousAuthenticationFilter@a056b26, org.springframework.security.web.session.SessionManagementFilter@1a2773a8, org.springframework.security.web.access.ExceptionTranslationFilter@440ef8d]
2020-10-20 15:18:55.986  INFO 23220 --- [main] o.s.s.concurrent.ThreadPoolTaskExecutor  : Initializing ExecutorService 'applicationTaskExecutor'
2020-10-20 15:18:56.664  INFO 23220 --- [main] o.s.a.r.c.CachingConnectionFactory       : Attempting to connect to: [192.168.154.128:5672]
2020-10-20 15:19:17.714  INFO 23220 --- [main] o.s.a.r.l.SimpleMessageListenerContainer : Broker not available; cannot force queue declarations during start: java.net.ConnectException: Connection timed out: connect
2020-10-20 15:19:17.722  INFO 23220 --- [org.springframework.amqp.rabbit.RabbitListenerEndpointContainer#0-1] o.s.a.r.c.CachingConnectionFactory       : Attempting to connect to: [192.168.154.128:5672]
2020-10-20 15:19:51.951  INFO 19292 --- [main] glod.study.blog.dao.ArticleDaoTest       : Starting ArticleDaoTest on HP-LAPTOP with PID 19292 (started by 13536 in D:\Code\blog)
2020-10-20 15:19:51.953  INFO 19292 --- [main] glod.study.blog.dao.ArticleDaoTest       : No active profile set, falling back to default profiles: default
2020-10-20 15:19:56.157  INFO 19292 --- [main] o.s.s.web.DefaultSecurityFilterChain     : Creating filter chain: any request, [org.springframework.security.web.context.request.async.WebAsyncManagerIntegrationFilter@61b838f2, org.springframework.security.web.context.SecurityContextPersistenceFilter@799f354a, org.springframework.security.web.header.HeaderWriterFilter@20216016, org.springframework.security.web.authentication.logout.LogoutFilter@35e74e08, org.springframework.security.web.authentication.UsernamePasswordAuthenticationFilter@410fc508, org.springframework.security.web.session.ConcurrentSessionFilter@9263c54, org.springframework.security.web.savedrequest.RequestCacheAwareFilter@7ac48f05, org.springframework.security.web.servletapi.SecurityContextHolderAwareRequestFilter@4e48462d, org.springframework.security.web.authentication.AnonymousAuthenticationFilter@2a04ab05, org.springframework.security.web.session.SessionManagementFilter@3a109ff7, org.springframework.security.web.access.ExceptionTranslationFilter@716f94c1]
2020-10-20 15:19:57.248  INFO 19292 --- [main] o.s.s.concurrent.ThreadPoolTaskExecutor  : Initializing ExecutorService 'applicationTaskExecutor'
2020-10-20 15:19:58.541  INFO 19292 --- [main] o.s.a.r.c.CachingConnectionFactory       : Attempting to connect to: [192.168.154.128:5672]
2020-10-20 15:20:19.555  INFO 19292 --- [main] o.s.a.r.l.SimpleMessageListenerContainer : Broker not available; cannot force queue declarations during start: java.net.ConnectException: Connection timed out: connect
2020-10-20 15:20:19.565  INFO 19292 --- [org.springframework.amqp.rabbit.RabbitListenerEndpointContainer#0-1] o.s.a.r.c.CachingConnectionFactory       : Attempting to connect to: [192.168.154.128:5672]
2020-10-20 15:20:40.587 ERROR 19292 --- [org.springframework.amqp.rabbit.RabbitListenerEndpointContainer#0-1] o.s.a.r.l.SimpleMessageListenerContainer : Failed to check/redeclare auto-delete queue(s).

org.springframework.amqp.AmqpConnectException: java.net.ConnectException: Connection timed out: connect
	at org.springframework.amqp.rabbit.support.RabbitExceptionTranslator.convertRabbitAccessException(RabbitExceptionTranslator.java:61) ~[spring-rabbit-2.2.11.RELEASE.jar:2.2.11.RELEASE]
	at org.springframework.amqp.rabbit.connection.AbstractConnectionFactory.createBareConnection(AbstractConnectionFactory.java:524) ~[spring-rabbit-2.2.11.RELEASE.jar:2.2.11.RELEASE]
	at org.springframework.amqp.rabbit.connection.CachingConnectionFactory.createConnection(CachingConnectionFactory.java:751) ~[spring-rabbit-2.2.11.RELEASE.jar:2.2.11.RELEASE]
	at org.springframework.amqp.rabbit.connection.ConnectionFactoryUtils.createConnection(ConnectionFactoryUtils.java:214) ~[spring-rabbit-2.2.11.RELEASE.jar:2.2.11.RELEASE]
	at org.springframework.amqp.rabbit.core.RabbitTemplate.doExecute(RabbitTemplate.java:2089) ~[spring-rabbit-2.2.11.RELEASE.jar:2.2.11.RELEASE]
	at org.springframework.amqp.rabbit.core.RabbitTemplate.execute(RabbitTemplate.java:2062) ~[spring-rabbit-2.2.11.RELEASE.jar:2.2.11.RELEASE]
	at org.springframework.amqp.rabbit.core.RabbitTemplate.execute(RabbitTemplate.java:2042) ~[spring-rabbit-2.2.11.RELEASE.jar:2.2.11.RELEASE]
	at org.springframework.amqp.rabbit.core.RabbitAdmin.getQueueInfo(RabbitAdmin.java:407) ~[spring-rabbit-2.2.11.RELEASE.jar:2.2.11.RELEASE]
	at org.springframework.amqp.rabbit.core.RabbitAdmin.getQueueProperties(RabbitAdmin.java:391) ~[spring-rabbit-2.2.11.RELEASE.jar:2.2.11.RELEASE]
	at org.springframework.amqp.rabbit.listener.AbstractMessageListenerContainer.attemptDeclarations(AbstractMessageListenerContainer.java:1842) ~[spring-rabbit-2.2.11.RELEASE.jar:2.2.11.RELEASE]
	at org.springframework.amqp.rabbit.listener.AbstractMessageListenerContainer.redeclareElementsIfNecessary(AbstractMessageListenerContainer.java:1823) ~[spring-rabbit-2.2.11.RELEASE.jar:2.2.11.RELEASE]
	at org.springframework.amqp.rabbit.listener.SimpleMessageListenerContainer$AsyncMessageProcessingConsumer.initialize(SimpleMessageListenerContainer.java:1354) ~[spring-rabbit-2.2.11.RELEASE.jar:2.2.11.RELEASE]
	at org.springframework.amqp.rabbit.listener.SimpleMessageListenerContainer$AsyncMessageProcessingConsumer.run(SimpleMessageListenerContainer.java:1200) ~[spring-rabbit-2.2.11.RELEASE.jar:2.2.11.RELEASE]
	at java.base/java.lang.Thread.run(Thread.java:834) ~[na:na]
Caused by: java.net.ConnectException: Connection timed out: connect
	at java.base/java.net.PlainSocketImpl.waitForConnect(Native Method) ~[na:na]
	at java.base/java.net.PlainSocketImpl.socketConnect(PlainSocketImpl.java:107) ~[na:na]
	at java.base/java.net.AbstractPlainSocketImpl.doConnect(AbstractPlainSocketImpl.java:399) ~[na:na]
	at java.base/java.net.AbstractPlainSocketImpl.connectToAddress(AbstractPlainSocketImpl.java:242) ~[na:na]
	at java.base/java.net.AbstractPlainSocketImpl.connect(AbstractPlainSocketImpl.java:224) ~[na:na]
	at java.base/java.net.SocksSocketImpl.connect(SocksSocketImpl.java:403) ~[na:na]
	at java.base/java.net.Socket.connect(Socket.java:609) ~[na:na]
	at com.rabbitmq.client.impl.SocketFrameHandlerFactory.create(SocketFrameHandlerFactory.java:60) ~[amqp-client-5.9.0.jar:5.9.0]
	at com.rabbitmq.client.ConnectionFactory.newConnection(ConnectionFactory.java:1137) ~[amqp-client-5.9.0.jar:5.9.0]
	at com.rabbitmq.client.ConnectionFactory.newConnection(ConnectionFactory.java:1087) ~[amqp-client-5.9.0.jar:5.9.0]
	at org.springframework.amqp.rabbit.connection.AbstractConnectionFactory.connectAddresses(AbstractConnectionFactory.java:560) ~[spring-rabbit-2.2.11.RELEASE.jar:2.2.11.RELEASE]
	at org.springframework.amqp.rabbit.connection.AbstractConnectionFactory.connect(AbstractConnectionFactory.java:533) ~[spring-rabbit-2.2.11.RELEASE.jar:2.2.11.RELEASE]
	at org.springframework.amqp.rabbit.connection.AbstractConnectionFactory.createBareConnection(AbstractConnectionFactory.java:487) ~[spring-rabbit-2.2.11.RELEASE.jar:2.2.11.RELEASE]
	... 12 common frames omitted

2020-10-20 15:20:40.595  INFO 19292 --- [org.springframework.amqp.rabbit.RabbitListenerEndpointContainer#0-1] o.s.a.r.c.CachingConnectionFactory       : Attempting to connect to: [192.168.154.128:5672]
2020-10-20 15:21:01.615  INFO 19292 --- [main] glod.study.blog.dao.ArticleDaoTest       : Started ArticleDaoTest in 70.346 seconds (JVM running for 72.513)
2020-10-20 15:21:02.708  INFO 19292 --- [main] com.alibaba.druid.pool.DruidDataSource   : {dataSource-1} inited
2020-10-20 15:21:02.858  INFO 19292 --- [SpringContextShutdownHook] o.s.a.r.l.SimpleMessageListenerContainer : Waiting for workers to finish.
2020-10-20 15:21:02.858  INFO 19292 --- [SpringContextShutdownHook] o.s.a.r.l.SimpleMessageListenerContainer : Successfully waited for workers to finish.
2020-10-20 15:21:02.864  INFO 19292 --- [SpringContextShutdownHook] o.s.s.concurrent.ThreadPoolTaskExecutor  : Shutting down ExecutorService 'applicationTaskExecutor'
2020-10-20 15:21:02.864  INFO 19292 --- [SpringContextShutdownHook] o.s.a.r.l.SimpleMessageListenerContainer : Shutdown ignored - container is not active already
2020-10-20 15:21:02.878  INFO 19292 --- [SpringContextShutdownHook] com.alibaba.druid.pool.DruidDataSource   : {dataSource-1} closed
2020-10-20 15:22:10.602  INFO 10320 --- [main] glod.study.blog.dao.ArticleDaoTest       : Starting ArticleDaoTest on HP-LAPTOP with PID 10320 (started by 13536 in D:\Code\blog)
2020-10-20 15:22:10.603  INFO 10320 --- [main] glod.study.blog.dao.ArticleDaoTest       : No active profile set, falling back to default profiles: default
2020-10-20 15:22:14.306  INFO 10320 --- [main] o.s.s.web.DefaultSecurityFilterChain     : Creating filter chain: any request, [org.springframework.security.web.context.request.async.WebAsyncManagerIntegrationFilter@4f5c30b1, org.springframework.security.web.context.SecurityContextPersistenceFilter@78b0ec3a, org.springframework.security.web.header.HeaderWriterFilter@167a21b, org.springframework.security.web.authentication.logout.LogoutFilter@17216605, org.springframework.security.web.authentication.UsernamePasswordAuthenticationFilter@55c1ced9, org.springframework.security.web.session.ConcurrentSessionFilter@4b4814d0, org.springframework.security.web.savedrequest.RequestCacheAwareFilter@25699aa7, org.springframework.security.web.servletapi.SecurityContextHolderAwareRequestFilter@9263c54, org.springframework.security.web.authentication.AnonymousAuthenticationFilter@62e73ab6, org.springframework.security.web.session.SessionManagementFilter@388be5fd, org.springframework.security.web.access.ExceptionTranslationFilter@6afbe6a1]
2020-10-20 15:22:14.876  INFO 10320 --- [main] o.s.s.concurrent.ThreadPoolTaskExecutor  : Initializing ExecutorService 'applicationTaskExecutor'
2020-10-20 15:22:15.828  INFO 10320 --- [main] o.s.a.r.c.CachingConnectionFactory       : Attempting to connect to: [192.168.154.128:5672]
2020-10-20 15:22:36.852  INFO 10320 --- [main] o.s.a.r.l.SimpleMessageListenerContainer : Broker not available; cannot force queue declarations during start: java.net.ConnectException: Connection timed out: connect
2020-10-20 15:22:36.859  INFO 10320 --- [org.springframework.amqp.rabbit.RabbitListenerEndpointContainer#0-1] o.s.a.r.c.CachingConnectionFactory       : Attempting to connect to: [192.168.154.128:5672]
2020-10-20 15:28:08.636  INFO 2520 --- [main] glod.study.blog.dao.ArticleDaoTest       : Starting ArticleDaoTest on HP-LAPTOP with PID 2520 (started by 13536 in D:\Code\blog)
2020-10-20 15:28:08.637  INFO 2520 --- [main] glod.study.blog.dao.ArticleDaoTest       : No active profile set, falling back to default profiles: default
2020-10-20 15:28:11.908  INFO 2520 --- [main] o.s.s.web.DefaultSecurityFilterChain     : Creating filter chain: any request, [org.springframework.security.web.context.request.async.WebAsyncManagerIntegrationFilter@6793f752, org.springframework.security.web.context.SecurityContextPersistenceFilter@7159d601, org.springframework.security.web.header.HeaderWriterFilter@799f354a, org.springframework.security.web.authentication.logout.LogoutFilter@2a04ab05, org.springframework.security.web.authentication.UsernamePasswordAuthenticationFilter@2a5abd3c, org.springframework.security.web.session.ConcurrentSessionFilter@11826398, org.springframework.security.web.savedrequest.RequestCacheAwareFilter@35e74e08, org.springframework.security.web.servletapi.SecurityContextHolderAwareRequestFilter@4f5c30b1, org.springframework.security.web.authentication.AnonymousAuthenticationFilter@1216eb3f, org.springframework.security.web.session.SessionManagementFilter@7ac48f05, org.springframework.security.web.access.ExceptionTranslationFilter@4f213a2]
2020-10-20 15:28:12.376  INFO 2520 --- [main] o.s.s.concurrent.ThreadPoolTaskExecutor  : Initializing ExecutorService 'applicationTaskExecutor'
2020-10-20 15:28:13.210  INFO 2520 --- [main] o.s.a.r.c.CachingConnectionFactory       : Attempting to connect to: [192.168.154.128:5672]
2020-10-20 15:28:34.225  INFO 2520 --- [main] o.s.a.r.l.SimpleMessageListenerContainer : Broker not available; cannot force queue declarations during start: java.net.ConnectException: Connection timed out: connect
2020-10-20 15:28:34.232  INFO 2520 --- [org.springframework.amqp.rabbit.RabbitListenerEndpointContainer#0-1] o.s.a.r.c.CachingConnectionFactory       : Attempting to connect to: [192.168.154.128:5672]
2020-10-20 15:31:27.036  INFO 13668 --- [main] glod.study.blog.dao.ArticleDaoTest       : Starting ArticleDaoTest on HP-LAPTOP with PID 13668 (started by 13536 in D:\Code\blog)
2020-10-20 15:31:27.040  INFO 13668 --- [main] glod.study.blog.dao.ArticleDaoTest       : No active profile set, falling back to default profiles: default
2020-10-20 15:31:32.054  INFO 13668 --- [main] o.s.s.web.DefaultSecurityFilterChain     : Creating filter chain: any request, [org.springframework.security.web.context.request.async.WebAsyncManagerIntegrationFilter@410fc508, org.springframework.security.web.context.SecurityContextPersistenceFilter@111a7973, org.springframework.security.web.header.HeaderWriterFilter@1d99ee1b, org.springframework.security.web.authentication.logout.LogoutFilter@3ace6346, org.springframework.security.web.authentication.UsernamePasswordAuthenticationFilter@10a907ec, org.springframework.security.web.session.ConcurrentSessionFilter@45e140ae, org.springframework.security.web.savedrequest.RequestCacheAwareFilter@46612bfc, org.springframework.security.web.servletapi.SecurityContextHolderAwareRequestFilter@1cde374, org.springframework.security.web.authentication.AnonymousAuthenticationFilter@4e17442f, org.springframework.security.web.session.SessionManagementFilter@7c0df4ab, org.springframework.security.web.access.ExceptionTranslationFilter@18c880ea]
2020-10-20 15:31:32.670  INFO 13668 --- [main] o.s.s.concurrent.ThreadPoolTaskExecutor  : Initializing ExecutorService 'applicationTaskExecutor'
2020-10-20 15:31:33.675  INFO 13668 --- [main] o.s.a.r.c.CachingConnectionFactory       : Attempting to connect to: [192.168.154.128:5672]
2020-10-20 15:31:54.760  INFO 13668 --- [main] o.s.a.r.l.SimpleMessageListenerContainer : Broker not available; cannot force queue declarations during start: java.net.ConnectException: Connection timed out: connect
2020-10-20 15:31:54.767  INFO 13668 --- [org.springframework.amqp.rabbit.RabbitListenerEndpointContainer#0-1] o.s.a.r.c.CachingConnectionFactory       : Attempting to connect to: [192.168.154.128:5672]
2020-10-20 15:32:15.788 ERROR 13668 --- [org.springframework.amqp.rabbit.RabbitListenerEndpointContainer#0-1] o.s.a.r.l.SimpleMessageListenerContainer : Failed to check/redeclare auto-delete queue(s).

org.springframework.amqp.AmqpConnectException: java.net.ConnectException: Connection timed out: connect
	at org.springframework.amqp.rabbit.support.RabbitExceptionTranslator.convertRabbitAccessException(RabbitExceptionTranslator.java:61) ~[spring-rabbit-2.2.11.RELEASE.jar:2.2.11.RELEASE]
	at org.springframework.amqp.rabbit.connection.AbstractConnectionFactory.createBareConnection(AbstractConnectionFactory.java:524) ~[spring-rabbit-2.2.11.RELEASE.jar:2.2.11.RELEASE]
	at org.springframework.amqp.rabbit.connection.CachingConnectionFactory.createConnection(CachingConnectionFactory.java:751) ~[spring-rabbit-2.2.11.RELEASE.jar:2.2.11.RELEASE]
	at org.springframework.amqp.rabbit.connection.ConnectionFactoryUtils.createConnection(ConnectionFactoryUtils.java:214) ~[spring-rabbit-2.2.11.RELEASE.jar:2.2.11.RELEASE]
	at org.springframework.amqp.rabbit.core.RabbitTemplate.doExecute(RabbitTemplate.java:2089) ~[spring-rabbit-2.2.11.RELEASE.jar:2.2.11.RELEASE]
	at org.springframework.amqp.rabbit.core.RabbitTemplate.execute(RabbitTemplate.java:2062) ~[spring-rabbit-2.2.11.RELEASE.jar:2.2.11.RELEASE]
	at org.springframework.amqp.rabbit.core.RabbitTemplate.execute(RabbitTemplate.java:2042) ~[spring-rabbit-2.2.11.RELEASE.jar:2.2.11.RELEASE]
	at org.springframework.amqp.rabbit.core.RabbitAdmin.getQueueInfo(RabbitAdmin.java:407) ~[spring-rabbit-2.2.11.RELEASE.jar:2.2.11.RELEASE]
	at org.springframework.amqp.rabbit.core.RabbitAdmin.getQueueProperties(RabbitAdmin.java:391) ~[spring-rabbit-2.2.11.RELEASE.jar:2.2.11.RELEASE]
	at org.springframework.amqp.rabbit.listener.AbstractMessageListenerContainer.attemptDeclarations(AbstractMessageListenerContainer.java:1842) ~[spring-rabbit-2.2.11.RELEASE.jar:2.2.11.RELEASE]
	at org.springframework.amqp.rabbit.listener.AbstractMessageListenerContainer.redeclareElementsIfNecessary(AbstractMessageListenerContainer.java:1823) ~[spring-rabbit-2.2.11.RELEASE.jar:2.2.11.RELEASE]
	at org.springframework.amqp.rabbit.listener.SimpleMessageListenerContainer$AsyncMessageProcessingConsumer.initialize(SimpleMessageListenerContainer.java:1354) ~[spring-rabbit-2.2.11.RELEASE.jar:2.2.11.RELEASE]
	at org.springframework.amqp.rabbit.listener.SimpleMessageListenerContainer$AsyncMessageProcessingConsumer.run(SimpleMessageListenerContainer.java:1200) ~[spring-rabbit-2.2.11.RELEASE.jar:2.2.11.RELEASE]
	at java.base/java.lang.Thread.run(Thread.java:834) ~[na:na]
Caused by: java.net.ConnectException: Connection timed out: connect
	at java.base/java.net.PlainSocketImpl.waitForConnect(Native Method) ~[na:na]
	at java.base/java.net.PlainSocketImpl.socketConnect(PlainSocketImpl.java:107) ~[na:na]
	at java.base/java.net.AbstractPlainSocketImpl.doConnect(AbstractPlainSocketImpl.java:399) ~[na:na]
	at java.base/java.net.AbstractPlainSocketImpl.connectToAddress(AbstractPlainSocketImpl.java:242) ~[na:na]
	at java.base/java.net.AbstractPlainSocketImpl.connect(AbstractPlainSocketImpl.java:224) ~[na:na]
	at java.base/java.net.SocksSocketImpl.connect(SocksSocketImpl.java:403) ~[na:na]
	at java.base/java.net.Socket.connect(Socket.java:609) ~[na:na]
	at com.rabbitmq.client.impl.SocketFrameHandlerFactory.create(SocketFrameHandlerFactory.java:60) ~[amqp-client-5.9.0.jar:5.9.0]
	at com.rabbitmq.client.ConnectionFactory.newConnection(ConnectionFactory.java:1137) ~[amqp-client-5.9.0.jar:5.9.0]
	at com.rabbitmq.client.ConnectionFactory.newConnection(ConnectionFactory.java:1087) ~[amqp-client-5.9.0.jar:5.9.0]
	at org.springframework.amqp.rabbit.connection.AbstractConnectionFactory.connectAddresses(AbstractConnectionFactory.java:560) ~[spring-rabbit-2.2.11.RELEASE.jar:2.2.11.RELEASE]
	at org.springframework.amqp.rabbit.connection.AbstractConnectionFactory.connect(AbstractConnectionFactory.java:533) ~[spring-rabbit-2.2.11.RELEASE.jar:2.2.11.RELEASE]
	at org.springframework.amqp.rabbit.connection.AbstractConnectionFactory.createBareConnection(AbstractConnectionFactory.java:487) ~[spring-rabbit-2.2.11.RELEASE.jar:2.2.11.RELEASE]
	... 12 common frames omitted

2020-10-20 15:32:15.793  INFO 13668 --- [org.springframework.amqp.rabbit.RabbitListenerEndpointContainer#0-1] o.s.a.r.c.CachingConnectionFactory       : Attempting to connect to: [192.168.154.128:5672]
2020-10-20 15:32:36.816  INFO 13668 --- [main] glod.study.blog.dao.ArticleDaoTest       : Started ArticleDaoTest in 70.639 seconds (JVM running for 74.793)
2020-10-20 15:32:37.768  INFO 13668 --- [main] com.alibaba.druid.pool.DruidDataSource   : {dataSource-1} inited
2020-10-20 15:32:37.907  INFO 13668 --- [SpringContextShutdownHook] o.s.a.r.l.SimpleMessageListenerContainer : Waiting for workers to finish.
2020-10-20 15:32:37.908  INFO 13668 --- [SpringContextShutdownHook] o.s.a.r.l.SimpleMessageListenerContainer : Successfully waited for workers to finish.
2020-10-20 15:32:37.911  INFO 13668 --- [SpringContextShutdownHook] o.s.s.concurrent.ThreadPoolTaskExecutor  : Shutting down ExecutorService 'applicationTaskExecutor'
2020-10-20 15:32:37.912  INFO 13668 --- [SpringContextShutdownHook] o.s.a.r.l.SimpleMessageListenerContainer : Shutdown ignored - container is not active already
2020-10-20 15:32:37.922  INFO 13668 --- [SpringContextShutdownHook] com.alibaba.druid.pool.DruidDataSource   : {dataSource-1} closed
2020-10-20 15:33:49.918  INFO 17060 --- [main] glod.study.blog.dao.ArticleDaoTest       : Starting ArticleDaoTest on HP-LAPTOP with PID 17060 (started by 13536 in D:\Code\blog)
2020-10-20 15:33:49.921  INFO 17060 --- [main] glod.study.blog.dao.ArticleDaoTest       : No active profile set, falling back to default profiles: default
2020-10-20 15:33:53.558  INFO 17060 --- [main] o.s.s.web.DefaultSecurityFilterChain     : Creating filter chain: any request, [org.springframework.security.web.context.request.async.WebAsyncManagerIntegrationFilter@7ab63838, org.springframework.security.web.context.SecurityContextPersistenceFilter@7b5021d1, org.springframework.security.web.header.HeaderWriterFilter@4b4814d0, org.springframework.security.web.authentication.logout.LogoutFilter@7159d601, org.springframework.security.web.authentication.UsernamePasswordAuthenticationFilter@35e74e08, org.springframework.security.web.session.ConcurrentSessionFilter@15369d73, org.springframework.security.web.savedrequest.RequestCacheAwareFilter@799f354a, org.springframework.security.web.servletapi.SecurityContextHolderAwareRequestFilter@27ffd9f8, org.springframework.security.web.authentication.AnonymousAuthenticationFilter@4e974b9e, org.springframework.security.web.session.SessionManagementFilter@20216016, org.springframework.security.web.access.ExceptionTranslationFilter@3915e7c3]
2020-10-20 15:33:54.025  INFO 17060 --- [main] o.s.s.concurrent.ThreadPoolTaskExecutor  : Initializing ExecutorService 'applicationTaskExecutor'
2020-10-20 15:33:54.787  INFO 17060 --- [main] o.s.a.r.c.CachingConnectionFactory       : Attempting to connect to: [192.168.154.128:5672]
2020-10-20 15:33:54.869  INFO 17060 --- [main] o.s.a.r.c.CachingConnectionFactory       : Created new connection: rabbitConnectionFactory#77cca767:0/SimpleConnection@77e6761f [delegate=amqp://guest@192.168.154.128:5672/, localPort= 14240]
2020-10-20 15:33:54.978  INFO 17060 --- [main] glod.study.blog.dao.ArticleDaoTest       : Started ArticleDaoTest in 5.896 seconds (JVM running for 7.819)
2020-10-20 15:33:56.070  INFO 17060 --- [main] com.alibaba.druid.pool.DruidDataSource   : {dataSource-1} inited
2020-10-20 15:33:56.172  INFO 17060 --- [SpringContextShutdownHook] o.s.a.r.l.SimpleMessageListenerContainer : Waiting for workers to finish.
2020-10-20 15:33:56.969  INFO 17060 --- [SpringContextShutdownHook] o.s.a.r.l.SimpleMessageListenerContainer : Successfully waited for workers to finish.
2020-10-20 15:33:56.974  INFO 17060 --- [SpringContextShutdownHook] o.s.s.concurrent.ThreadPoolTaskExecutor  : Shutting down ExecutorService 'applicationTaskExecutor'
2020-10-20 15:33:56.975  INFO 17060 --- [SpringContextShutdownHook] o.s.a.r.l.SimpleMessageListenerContainer : Shutdown ignored - container is not active already
2020-10-20 15:33:56.992  INFO 17060 --- [SpringContextShutdownHook] com.alibaba.druid.pool.DruidDataSource   : {dataSource-1} closed
2020-10-20 21:04:52.526  INFO 26536 --- [main] g.study.blog.service.ArticleServiceTest  : Starting ArticleServiceTest on HP-LAPTOP with PID 26536 (started by 13536 in D:\Code\blog)
2020-10-20 21:04:52.541  INFO 26536 --- [main] g.study.blog.service.ArticleServiceTest  : No active profile set, falling back to default profiles: default
2020-10-20 21:04:56.695  INFO 26536 --- [main] o.s.s.web.DefaultSecurityFilterChain     : Creating filter chain: any request, [org.springframework.security.web.context.request.async.WebAsyncManagerIntegrationFilter@44faa4f2, org.springframework.security.web.context.SecurityContextPersistenceFilter@37b01ce2, org.springframework.security.web.header.HeaderWriterFilter@15369d73, org.springframework.security.web.authentication.logout.LogoutFilter@61b838f2, org.springframework.security.web.authentication.UsernamePasswordAuthenticationFilter@a056b26, org.springframework.security.web.session.ConcurrentSessionFilter@159ac15f, org.springframework.security.web.savedrequest.RequestCacheAwareFilter@1144a02b, org.springframework.security.web.servletapi.SecurityContextHolderAwareRequestFilter@4e17442f, org.springframework.security.web.authentication.AnonymousAuthenticationFilter@6793f752, org.springframework.security.web.session.SessionManagementFilter@9263c54, org.springframework.security.web.access.ExceptionTranslationFilter@48cdb156]
2020-10-20 21:04:57.197  INFO 26536 --- [main] o.s.s.concurrent.ThreadPoolTaskExecutor  : Initializing ExecutorService 'applicationTaskExecutor'
2020-10-20 21:04:58.136  INFO 26536 --- [main] o.s.a.r.c.CachingConnectionFactory       : Attempting to connect to: [192.168.154.128:5672]
2020-10-20 21:05:19.155  INFO 26536 --- [main] o.s.a.r.l.SimpleMessageListenerContainer : Broker not available; cannot force queue declarations during start: java.net.ConnectException: Connection timed out: connect
2020-10-20 21:05:19.165  INFO 26536 --- [org.springframework.amqp.rabbit.RabbitListenerEndpointContainer#0-1] o.s.a.r.c.CachingConnectionFactory       : Attempting to connect to: [192.168.154.128:5672]
2020-10-20 21:05:21.184 ERROR 26536 --- [org.springframework.amqp.rabbit.RabbitListenerEndpointContainer#0-1] o.s.a.r.l.SimpleMessageListenerContainer : Failed to check/redeclare auto-delete queue(s).

org.springframework.amqp.AmqpConnectException: java.net.ConnectException: Connection refused: connect
	at org.springframework.amqp.rabbit.support.RabbitExceptionTranslator.convertRabbitAccessException(RabbitExceptionTranslator.java:61) ~[spring-rabbit-2.2.11.RELEASE.jar:2.2.11.RELEASE]
	at org.springframework.amqp.rabbit.connection.AbstractConnectionFactory.createBareConnection(AbstractConnectionFactory.java:524) ~[spring-rabbit-2.2.11.RELEASE.jar:2.2.11.RELEASE]
	at org.springframework.amqp.rabbit.connection.CachingConnectionFactory.createConnection(CachingConnectionFactory.java:751) ~[spring-rabbit-2.2.11.RELEASE.jar:2.2.11.RELEASE]
	at org.springframework.amqp.rabbit.connection.ConnectionFactoryUtils.createConnection(ConnectionFactoryUtils.java:214) ~[spring-rabbit-2.2.11.RELEASE.jar:2.2.11.RELEASE]
	at org.springframework.amqp.rabbit.core.RabbitTemplate.doExecute(RabbitTemplate.java:2089) ~[spring-rabbit-2.2.11.RELEASE.jar:2.2.11.RELEASE]
	at org.springframework.amqp.rabbit.core.RabbitTemplate.execute(RabbitTemplate.java:2062) ~[spring-rabbit-2.2.11.RELEASE.jar:2.2.11.RELEASE]
	at org.springframework.amqp.rabbit.core.RabbitTemplate.execute(RabbitTemplate.java:2042) ~[spring-rabbit-2.2.11.RELEASE.jar:2.2.11.RELEASE]
	at org.springframework.amqp.rabbit.core.RabbitAdmin.getQueueInfo(RabbitAdmin.java:407) ~[spring-rabbit-2.2.11.RELEASE.jar:2.2.11.RELEASE]
	at org.springframework.amqp.rabbit.core.RabbitAdmin.getQueueProperties(RabbitAdmin.java:391) ~[spring-rabbit-2.2.11.RELEASE.jar:2.2.11.RELEASE]
	at org.springframework.amqp.rabbit.listener.AbstractMessageListenerContainer.attemptDeclarations(AbstractMessageListenerContainer.java:1842) ~[spring-rabbit-2.2.11.RELEASE.jar:2.2.11.RELEASE]
	at org.springframework.amqp.rabbit.listener.AbstractMessageListenerContainer.redeclareElementsIfNecessary(AbstractMessageListenerContainer.java:1823) ~[spring-rabbit-2.2.11.RELEASE.jar:2.2.11.RELEASE]
	at org.springframework.amqp.rabbit.listener.SimpleMessageListenerContainer$AsyncMessageProcessingConsumer.initialize(SimpleMessageListenerContainer.java:1354) ~[spring-rabbit-2.2.11.RELEASE.jar:2.2.11.RELEASE]
	at org.springframework.amqp.rabbit.listener.SimpleMessageListenerContainer$AsyncMessageProcessingConsumer.run(SimpleMessageListenerContainer.java:1200) ~[spring-rabbit-2.2.11.RELEASE.jar:2.2.11.RELEASE]
	at java.base/java.lang.Thread.run(Thread.java:834) ~[na:na]
Caused by: java.net.ConnectException: Connection refused: connect
	at java.base/java.net.PlainSocketImpl.waitForConnect(Native Method) ~[na:na]
	at java.base/java.net.PlainSocketImpl.socketConnect(PlainSocketImpl.java:107) ~[na:na]
	at java.base/java.net.AbstractPlainSocketImpl.doConnect(AbstractPlainSocketImpl.java:399) ~[na:na]
	at java.base/java.net.AbstractPlainSocketImpl.connectToAddress(AbstractPlainSocketImpl.java:242) ~[na:na]
	at java.base/java.net.AbstractPlainSocketImpl.connect(AbstractPlainSocketImpl.java:224) ~[na:na]
	at java.base/java.net.SocksSocketImpl.connect(SocksSocketImpl.java:403) ~[na:na]
	at java.base/java.net.Socket.connect(Socket.java:609) ~[na:na]
	at com.rabbitmq.client.impl.SocketFrameHandlerFactory.create(SocketFrameHandlerFactory.java:60) ~[amqp-client-5.9.0.jar:5.9.0]
	at com.rabbitmq.client.ConnectionFactory.newConnection(ConnectionFactory.java:1137) ~[amqp-client-5.9.0.jar:5.9.0]
	at com.rabbitmq.client.ConnectionFactory.newConnection(ConnectionFactory.java:1087) ~[amqp-client-5.9.0.jar:5.9.0]
	at org.springframework.amqp.rabbit.connection.AbstractConnectionFactory.connectAddresses(AbstractConnectionFactory.java:560) ~[spring-rabbit-2.2.11.RELEASE.jar:2.2.11.RELEASE]
	at org.springframework.amqp.rabbit.connection.AbstractConnectionFactory.connect(AbstractConnectionFactory.java:533) ~[spring-rabbit-2.2.11.RELEASE.jar:2.2.11.RELEASE]
	at org.springframework.amqp.rabbit.connection.AbstractConnectionFactory.createBareConnection(AbstractConnectionFactory.java:487) ~[spring-rabbit-2.2.11.RELEASE.jar:2.2.11.RELEASE]
	... 12 common frames omitted

2020-10-20 21:05:21.190  INFO 26536 --- [org.springframework.amqp.rabbit.RabbitListenerEndpointContainer#0-1] o.s.a.r.c.CachingConnectionFactory       : Attempting to connect to: [192.168.154.128:5672]
2020-10-20 21:05:23.211  INFO 26536 --- [main] g.study.blog.service.ArticleServiceTest  : Started ArticleServiceTest in 31.395 seconds (JVM running for 33.236)
2020-10-20 21:05:24.495  INFO 26536 --- [main] com.alibaba.druid.pool.DruidDataSource   : {dataSource-1} inited
2020-10-20 21:05:24.716  INFO 26536 --- [SpringContextShutdownHook] o.s.a.r.l.SimpleMessageListenerContainer : Waiting for workers to finish.
2020-10-20 21:05:24.716  INFO 26536 --- [SpringContextShutdownHook] o.s.a.r.l.SimpleMessageListenerContainer : Successfully waited for workers to finish.
2020-10-20 21:05:24.721  INFO 26536 --- [SpringContextShutdownHook] o.s.s.concurrent.ThreadPoolTaskExecutor  : Shutting down ExecutorService 'applicationTaskExecutor'
2020-10-20 21:05:24.721  INFO 26536 --- [SpringContextShutdownHook] o.s.a.r.l.SimpleMessageListenerContainer : Shutdown ignored - container is not active already
2020-10-20 21:05:24.735  INFO 26536 --- [SpringContextShutdownHook] com.alibaba.druid.pool.DruidDataSource   : {dataSource-1} closed
2020-10-20 21:13:09.317  INFO 18688 --- [main] glod.study.blog.dao.UserInfoDaoTest      : Starting UserInfoDaoTest on HP-LAPTOP with PID 18688 (started by 13536 in D:\Code\blog)
2020-10-20 21:13:09.319  INFO 18688 --- [main] glod.study.blog.dao.UserInfoDaoTest      : No active profile set, falling back to default profiles: default
2020-10-20 21:13:12.507  INFO 18688 --- [main] o.s.s.web.DefaultSecurityFilterChain     : Creating filter chain: any request, [org.springframework.security.web.context.request.async.WebAsyncManagerIntegrationFilter@1510b9a2, org.springframework.security.web.context.SecurityContextPersistenceFilter@63f9ddf9, org.springframework.security.web.header.HeaderWriterFilter@27ffd9f8, org.springframework.security.web.authentication.logout.LogoutFilter@25c1f5ee, org.springframework.security.web.authentication.UsernamePasswordAuthenticationFilter@15a8cebd, org.springframework.security.web.session.ConcurrentSessionFilter@1144a02b, org.springframework.security.web.savedrequest.RequestCacheAwareFilter@4f5c30b1, org.springframework.security.web.servletapi.SecurityContextHolderAwareRequestFilter@5c234920, org.springframework.security.web.authentication.AnonymousAuthenticationFilter@76a6f045, org.springframework.security.web.session.SessionManagementFilter@4e48462d, org.springframework.security.web.access.ExceptionTranslationFilter@6818fd48]
2020-10-20 21:13:12.910  INFO 18688 --- [main] o.s.s.concurrent.ThreadPoolTaskExecutor  : Initializing ExecutorService 'applicationTaskExecutor'
2020-10-20 21:13:13.604  INFO 18688 --- [main] o.s.a.r.c.CachingConnectionFactory       : Attempting to connect to: [192.168.154.128:5672]
2020-10-20 21:13:13.705  INFO 18688 --- [main] o.s.a.r.c.CachingConnectionFactory       : Created new connection: rabbitConnectionFactory#5f395ce1:0/SimpleConnection@3f45dfec [delegate=amqp://guest@192.168.154.128:5672/, localPort= 10379]
2020-10-20 21:13:13.782  INFO 18688 --- [main] glod.study.blog.dao.UserInfoDaoTest      : Started UserInfoDaoTest in 4.957 seconds (JVM running for 6.494)
2020-10-20 21:13:14.767  INFO 18688 --- [main] com.alibaba.druid.pool.DruidDataSource   : {dataSource-1} inited
2020-10-20 21:13:15.001  INFO 18688 --- [SpringContextShutdownHook] o.s.a.r.l.SimpleMessageListenerContainer : Waiting for workers to finish.
2020-10-20 21:13:15.772  INFO 18688 --- [SpringContextShutdownHook] o.s.a.r.l.SimpleMessageListenerContainer : Successfully waited for workers to finish.
2020-10-20 21:13:15.776  INFO 18688 --- [SpringContextShutdownHook] o.s.s.concurrent.ThreadPoolTaskExecutor  : Shutting down ExecutorService 'applicationTaskExecutor'
2020-10-20 21:13:15.777  INFO 18688 --- [SpringContextShutdownHook] o.s.a.r.l.SimpleMessageListenerContainer : Shutdown ignored - container is not active already
2020-10-20 21:13:15.795  INFO 18688 --- [SpringContextShutdownHook] com.alibaba.druid.pool.DruidDataSource   : {dataSource-1} closed
2020-10-20 21:14:35.846  INFO 14876 --- [main] glod.study.blog.dao.UserInfoDaoTest      : Starting UserInfoDaoTest on HP-LAPTOP with PID 14876 (started by 13536 in D:\Code\blog)
2020-10-20 21:14:35.848  INFO 14876 --- [main] glod.study.blog.dao.UserInfoDaoTest      : No active profile set, falling back to default profiles: default
2020-10-20 21:14:39.017  INFO 14876 --- [main] o.s.s.web.DefaultSecurityFilterChain     : Creating filter chain: any request, [org.springframework.security.web.context.request.async.WebAsyncManagerIntegrationFilter@307af381, org.springframework.security.web.context.SecurityContextPersistenceFilter@a316f6b, org.springframework.security.web.header.HeaderWriterFilter@7af1d072, org.springframework.security.web.authentication.logout.LogoutFilter@250967f1, org.springframework.security.web.authentication.UsernamePasswordAuthenticationFilter@7bf018dd, org.springframework.security.web.session.ConcurrentSessionFilter@1894fa9f, org.springframework.security.web.savedrequest.RequestCacheAwareFilter@4e17442f, org.springframework.security.web.servletapi.SecurityContextHolderAwareRequestFilter@7caf1e5, org.springframework.security.web.authentication.AnonymousAuthenticationFilter@1510b9a2, org.springframework.security.web.session.SessionManagementFilter@3ace6346, org.springframework.security.web.access.ExceptionTranslationFilter@1cde374]
2020-10-20 21:14:39.444  INFO 14876 --- [main] o.s.s.concurrent.ThreadPoolTaskExecutor  : Initializing ExecutorService 'applicationTaskExecutor'
2020-10-20 21:14:40.114  INFO 14876 --- [main] o.s.a.r.c.CachingConnectionFactory       : Attempting to connect to: [192.168.154.128:5672]
2020-10-20 21:14:40.180  INFO 14876 --- [main] o.s.a.r.c.CachingConnectionFactory       : Created new connection: rabbitConnectionFactory#32507479:0/SimpleConnection@60e47aab [delegate=amqp://guest@192.168.154.128:5672/, localPort= 10420]
2020-10-20 21:14:40.249  INFO 14876 --- [main] glod.study.blog.dao.UserInfoDaoTest      : Started UserInfoDaoTest in 4.951 seconds (JVM running for 6.598)
2020-10-20 21:14:41.229  INFO 14876 --- [main] com.alibaba.druid.pool.DruidDataSource   : {dataSource-1} inited
2020-10-20 21:14:41.297  INFO 14876 --- [SpringContextShutdownHook] o.s.a.r.l.SimpleMessageListenerContainer : Waiting for workers to finish.
2020-10-20 21:14:42.245  INFO 14876 --- [SpringContextShutdownHook] o.s.a.r.l.SimpleMessageListenerContainer : Successfully waited for workers to finish.
2020-10-20 21:14:42.250  INFO 14876 --- [SpringContextShutdownHook] o.s.s.concurrent.ThreadPoolTaskExecutor  : Shutting down ExecutorService 'applicationTaskExecutor'
2020-10-20 21:14:42.250  INFO 14876 --- [SpringContextShutdownHook] o.s.a.r.l.SimpleMessageListenerContainer : Shutdown ignored - container is not active already
2020-10-20 21:14:42.269  INFO 14876 --- [SpringContextShutdownHook] com.alibaba.druid.pool.DruidDataSource   : {dataSource-1} closed
2020-10-20 21:15:00.287  INFO 24080 --- [main] glod.study.blog.dao.UserInfoDaoTest      : Starting UserInfoDaoTest on HP-LAPTOP with PID 24080 (started by 13536 in D:\Code\blog)
2020-10-20 21:15:00.289  INFO 24080 --- [main] glod.study.blog.dao.UserInfoDaoTest      : No active profile set, falling back to default profiles: default
2020-10-20 21:15:03.328  INFO 24080 --- [main] o.s.s.web.DefaultSecurityFilterChain     : Creating filter chain: any request, [org.springframework.security.web.context.request.async.WebAsyncManagerIntegrationFilter@3f6c2763, org.springframework.security.web.context.SecurityContextPersistenceFilter@10a907ec, org.springframework.security.web.header.HeaderWriterFilter@267891bf, org.springframework.security.web.authentication.logout.LogoutFilter@5c234920, org.springframework.security.web.authentication.UsernamePasswordAuthenticationFilter@681de87f, org.springframework.security.web.session.ConcurrentSessionFilter@33bdd01, org.springframework.security.web.savedrequest.RequestCacheAwareFilter@49cc9b2a, org.springframework.security.web.servletapi.SecurityContextHolderAwareRequestFilter@1894fa9f, org.springframework.security.web.authentication.AnonymousAuthenticationFilter@5c82031b, org.springframework.security.web.session.SessionManagementFilter@6818fd48, org.springframework.security.web.access.ExceptionTranslationFilter@440ef8d]
2020-10-20 21:15:03.755  INFO 24080 --- [main] o.s.s.concurrent.ThreadPoolTaskExecutor  : Initializing ExecutorService 'applicationTaskExecutor'
2020-10-20 21:15:04.522  INFO 24080 --- [main] o.s.a.r.c.CachingConnectionFactory       : Attempting to connect to: [192.168.154.128:5672]
2020-10-20 21:15:04.608  INFO 24080 --- [main] o.s.a.r.c.CachingConnectionFactory       : Created new connection: rabbitConnectionFactory#517704:0/SimpleConnection@65ef9a0a [delegate=amqp://guest@192.168.154.128:5672/, localPort= 10438]
2020-10-20 21:15:04.692  INFO 24080 --- [main] glod.study.blog.dao.UserInfoDaoTest      : Started UserInfoDaoTest in 4.964 seconds (JVM running for 6.547)
2020-10-20 21:15:05.787  INFO 24080 --- [main] com.alibaba.druid.pool.DruidDataSource   : {dataSource-1} inited
2020-10-20 21:15:05.886  INFO 24080 --- [SpringContextShutdownHook] o.s.a.r.l.SimpleMessageListenerContainer : Waiting for workers to finish.
2020-10-20 21:15:06.683  INFO 24080 --- [SpringContextShutdownHook] o.s.a.r.l.SimpleMessageListenerContainer : Successfully waited for workers to finish.
2020-10-20 21:15:06.688  INFO 24080 --- [SpringContextShutdownHook] o.s.s.concurrent.ThreadPoolTaskExecutor  : Shutting down ExecutorService 'applicationTaskExecutor'
2020-10-20 21:15:06.688  INFO 24080 --- [SpringContextShutdownHook] o.s.a.r.l.SimpleMessageListenerContainer : Shutdown ignored - container is not active already
2020-10-20 21:15:06.708  INFO 24080 --- [SpringContextShutdownHook] com.alibaba.druid.pool.DruidDataSource   : {dataSource-1} closed
